<?xml version="1.0" encoding="UTF-8"?>
<testsuite name="com.codesquad.sidedish06.SideDish06ApplicationTests" tests="1" skipped="0" failures="0" errors="0" timestamp="2020-04-20T11:51:13" hostname="ever-PC" time="0.175">
  <properties/>
  <testcase name="contextLoads()" classname="com.codesquad.sidedish06.SideDish06ApplicationTests" time="0.175"/>
  <system-out><![CDATA[20:51:10.726 [Test worker] DEBUG org.springframework.test.context.BootstrapUtils - Instantiating CacheAwareContextLoaderDelegate from class [org.springframework.test.context.cache.DefaultCacheAwareContextLoaderDelegate]
20:51:10.737 [Test worker] DEBUG org.springframework.test.context.BootstrapUtils - Instantiating BootstrapContext using constructor [public org.springframework.test.context.support.DefaultBootstrapContext(java.lang.Class,org.springframework.test.context.CacheAwareContextLoaderDelegate)]
20:51:10.765 [Test worker] DEBUG org.springframework.test.context.BootstrapUtils - Instantiating TestContextBootstrapper for test class [com.codesquad.sidedish06.SideDish06ApplicationTests] from class [org.springframework.boot.test.context.SpringBootTestContextBootstrapper]
20:51:10.778 [Test worker] INFO org.springframework.boot.test.context.SpringBootTestContextBootstrapper - Neither @ContextConfiguration nor @ContextHierarchy found for test class [com.codesquad.sidedish06.SideDish06ApplicationTests], using SpringBootContextLoader
20:51:10.782 [Test worker] DEBUG org.springframework.test.context.support.AbstractContextLoader - Did not detect default resource location for test class [com.codesquad.sidedish06.SideDish06ApplicationTests]: class path resource [com/codesquad/sidedish06/SideDish06ApplicationTests-context.xml] does not exist
20:51:10.782 [Test worker] DEBUG org.springframework.test.context.support.AbstractContextLoader - Did not detect default resource location for test class [com.codesquad.sidedish06.SideDish06ApplicationTests]: class path resource [com/codesquad/sidedish06/SideDish06ApplicationTestsContext.groovy] does not exist
20:51:10.782 [Test worker] INFO org.springframework.test.context.support.AbstractContextLoader - Could not detect default resource locations for test class [com.codesquad.sidedish06.SideDish06ApplicationTests]: no resource found for suffixes {-context.xml, Context.groovy}.
20:51:10.783 [Test worker] INFO org.springframework.test.context.support.AnnotationConfigContextLoaderUtils - Could not detect default configuration classes for test class [com.codesquad.sidedish06.SideDish06ApplicationTests]: SideDish06ApplicationTests does not declare any static, non-private, non-final, nested classes annotated with @Configuration.
20:51:10.821 [Test worker] DEBUG org.springframework.test.context.support.ActiveProfilesUtils - Could not find an 'annotation declaring class' for annotation type [org.springframework.test.context.ActiveProfiles] and class [com.codesquad.sidedish06.SideDish06ApplicationTests]
20:51:10.883 [Test worker] DEBUG org.springframework.context.annotation.ClassPathScanningCandidateComponentProvider - Identified candidate component class: file [/home/ever/바탕화면/codesquad/sidedish-06/BE/build/classes/java/main/com/codesquad/sidedish06/SideDish06Application.class]
20:51:10.884 [Test worker] INFO org.springframework.boot.test.context.SpringBootTestContextBootstrapper - Found @SpringBootConfiguration com.codesquad.sidedish06.SideDish06Application for test class com.codesquad.sidedish06.SideDish06ApplicationTests
20:51:10.966 [Test worker] DEBUG org.springframework.boot.test.context.SpringBootTestContextBootstrapper - @TestExecutionListeners is not present for class [com.codesquad.sidedish06.SideDish06ApplicationTests]: using defaults.
20:51:10.967 [Test worker] INFO org.springframework.boot.test.context.SpringBootTestContextBootstrapper - Loaded default TestExecutionListener class names from location [META-INF/spring.factories]: [org.springframework.boot.test.autoconfigure.restdocs.RestDocsTestExecutionListener, org.springframework.boot.test.autoconfigure.web.client.MockRestServiceServerResetTestExecutionListener, org.springframework.boot.test.autoconfigure.web.servlet.MockMvcPrintOnlyOnFailureTestExecutionListener, org.springframework.boot.test.autoconfigure.web.servlet.WebDriverTestExecutionListener, org.springframework.boot.test.mock.mockito.MockitoTestExecutionListener, org.springframework.boot.test.mock.mockito.ResetMocksTestExecutionListener, org.springframework.test.context.web.ServletTestExecutionListener, org.springframework.test.context.support.DirtiesContextBeforeModesTestExecutionListener, org.springframework.test.context.support.DependencyInjectionTestExecutionListener, org.springframework.test.context.support.DirtiesContextTestExecutionListener, org.springframework.test.context.transaction.TransactionalTestExecutionListener, org.springframework.test.context.jdbc.SqlScriptsTestExecutionListener, org.springframework.test.context.event.EventPublishingTestExecutionListener]
20:51:10.982 [Test worker] INFO org.springframework.boot.test.context.SpringBootTestContextBootstrapper - Using TestExecutionListeners: [org.springframework.test.context.web.ServletTestExecutionListener@65e9873f, org.springframework.test.context.support.DirtiesContextBeforeModesTestExecutionListener@44fe35d4, org.springframework.boot.test.mock.mockito.MockitoTestExecutionListener@21198044, org.springframework.boot.test.autoconfigure.SpringBootDependencyInjectionTestExecutionListener@4db48da3, org.springframework.test.context.support.DirtiesContextTestExecutionListener@64cd3b55, org.springframework.test.context.transaction.TransactionalTestExecutionListener@51a8f28d, org.springframework.test.context.jdbc.SqlScriptsTestExecutionListener@3cde435c, org.springframework.test.context.event.EventPublishingTestExecutionListener@556e08f1, org.springframework.boot.test.autoconfigure.restdocs.RestDocsTestExecutionListener@5874869a, org.springframework.boot.test.autoconfigure.web.client.MockRestServiceServerResetTestExecutionListener@4e5e2b83, org.springframework.boot.test.autoconfigure.web.servlet.MockMvcPrintOnlyOnFailureTestExecutionListener@5445b7, org.springframework.boot.test.autoconfigure.web.servlet.WebDriverTestExecutionListener@2558fccc, org.springframework.boot.test.mock.mockito.ResetMocksTestExecutionListener@59e4feab]
20:51:10.986 [Test worker] DEBUG org.springframework.test.context.support.AbstractDirtiesContextTestExecutionListener - Before test class: context [DefaultTestContext@399bb11a testClass = SideDish06ApplicationTests, testInstance = [null], testMethod = [null], testException = [null], mergedContextConfiguration = [WebMergedContextConfiguration@6c4a010c testClass = SideDish06ApplicationTests, locations = '{}', classes = '{class com.codesquad.sidedish06.SideDish06Application}', contextInitializerClasses = '[]', activeProfiles = '{}', propertySourceLocations = '{}', propertySourceProperties = '{org.springframework.boot.test.context.SpringBootTestContextBootstrapper=true}', contextCustomizers = set[org.springframework.boot.test.autoconfigure.properties.PropertyMappingContextCustomizer@0, org.springframework.boot.test.autoconfigure.web.servlet.WebDriverContextCustomizerFactory$Customizer@6cea4a64, org.springframework.boot.test.context.filter.ExcludeFilterContextCustomizer@74ef6415, org.springframework.boot.test.json.DuplicateJsonObjectContextCustomizerFactory$DuplicateJsonObjectContextCustomizer@2b5eed3a, org.springframework.boot.test.mock.mockito.MockitoContextCustomizer@0, org.springframework.boot.test.web.client.TestRestTemplateContextCustomizer@25760b9c], resourceBasePath = 'src/main/webapp', contextLoader = 'org.springframework.boot.test.context.SpringBootContextLoader', parent = [null]], attributes = map['org.springframework.test.context.web.ServletTestExecutionListener.activateListener' -> true]], class annotated with @DirtiesContext [false] with mode [null].
20:51:11.015 [Test worker] DEBUG org.springframework.test.context.support.TestPropertySourceUtils - Adding inlined properties to environment: {spring.jmx.enabled=false, org.springframework.boot.test.context.SpringBootTestContextBootstrapper=true, server.port=-1}

  .   ____          _            __ _ _
 /\\ / ___'_ __ _ _(_)_ __  __ _ \ \ \ \
( ( )\___ | '_ | '_| | '_ \/ _` | \ \ \ \
 \\/  ___)| |_)| | | | | || (_| |  ) ) ) )
  '  |____| .__|_| |_|_| |_\__, | / / / /
 =========|_|==============|___/=/_/_/_/
 :: Spring Boot ::        (v2.2.6.RELEASE)

2020-04-20 20:51:11.298  INFO 27468 --- [    Test worker] c.c.s.SideDish06ApplicationTests         : Starting SideDish06ApplicationTests on ever-PC with PID 27468 (started by ever in /home/ever/바탕화면/codesquad/sidedish-06/BE)
2020-04-20 20:51:11.299  INFO 27468 --- [    Test worker] c.c.s.SideDish06ApplicationTests         : No active profile set, falling back to default profiles: default
2020-04-20 20:51:11.777  INFO 27468 --- [    Test worker] .s.d.r.c.RepositoryConfigurationDelegate : Bootstrapping Spring Data JDBC repositories in DEFAULT mode.
2020-04-20 20:51:11.793  INFO 27468 --- [    Test worker] .s.d.r.c.RepositoryConfigurationDelegate : Finished Spring Data repository scanning in 11ms. Found 0 JDBC repository interfaces.
2020-04-20 20:51:12.605  INFO 27468 --- [    Test worker] o.s.s.concurrent.ThreadPoolTaskExecutor  : Initializing ExecutorService 'applicationTaskExecutor'
2020-04-20 20:51:12.881  INFO 27468 --- [    Test worker] com.zaxxer.hikari.HikariDataSource       : HikariPool-1 - Starting...
2020-04-20 20:51:13.182  INFO 27468 --- [    Test worker] com.zaxxer.hikari.HikariDataSource       : HikariPool-1 - Start completed.
2020-04-20 20:51:13.462  INFO 27468 --- [    Test worker] c.c.s.SideDish06ApplicationTests         : Started SideDish06ApplicationTests in 2.439 seconds (JVM running for 3.43)
]]></system-out>
  <system-err><![CDATA[]]></system-err>
</testsuite>
